<?xml version="1.0" encoding="UTF-8"?>
<testng-results skipped="0" failed="0" ignored="0" total="1" passed="1">
  <reporter-output>
  </reporter-output>
  <suite name="Suite" duration-ms="136503" started-at="2020-08-06T11:41:44 IST" finished-at="2020-08-06T11:44:00 IST">
    <groups>
    </groups>
    <test name="Test" duration-ms="136503" started-at="2020-08-06T11:41:44 IST" finished-at="2020-08-06T11:44:00 IST">
      <class name="com.scripts.BookTest">
        <test-method status="PASS" signature="initFrameWork()[pri:0, instance:com.scripts.BookTest@74ad1f1f]" name="initFrameWork" is-config="true" duration-ms="1980" started-at="2020-08-06T11:41:42 IST" finished-at="2020-08-06T11:41:44 IST">
          <reporter-output>
          </reporter-output>
        </test-method> <!-- initFrameWork -->
        <test-method status="PASS" signature="initBrowser(java.lang.String)[pri:0, instance:com.scripts.BookTest@74ad1f1f]" name="initBrowser" is-config="true" duration-ms="37" started-at="2020-08-06T11:41:44 IST" finished-at="2020-08-06T11:41:44 IST">
          <params>
            <param index="0">
              <value>
                <![CDATA[chrome]]>
              </value>
            </param>
          </params>
          <reporter-output>
          </reporter-output>
        </test-method> <!-- initBrowser -->
        <test-method status="PASS" signature="initApplication(java.lang.String)[pri:0, instance:com.scripts.BookTest@74ad1f1f]" name="initApplication" is-config="true" duration-ms="33285" started-at="2020-08-06T11:41:44 IST" finished-at="2020-08-06T11:42:17 IST">
          <params>
            <param index="0">
              <value>
                <![CDATA[chrome]]>
              </value>
            </param>
          </params>
          <reporter-output>
          </reporter-output>
        </test-method> <!-- initApplication -->
        <test-method status="PASS" signature="preCondition(java.lang.reflect.Method)[pri:0, instance:com.scripts.BookTest@74ad1f1f]" name="preCondition" is-config="true" duration-ms="6577" started-at="2020-08-06T11:42:17 IST" finished-at="2020-08-06T11:42:24 IST">
          <params>
            <param index="0">
              <value>
                <![CDATA[public void com.scripts.BookTest.getBooking()]]>
              </value>
            </param>
          </params>
          <reporter-output>
          </reporter-output>
        </test-method> <!-- preCondition -->
        <test-method status="PASS" signature="getBooking()[pri:0, instance:com.scripts.BookTest@74ad1f1f]" name="getBooking" duration-ms="96359" started-at="2020-08-06T11:42:24 IST" finished-at="2020-08-06T11:44:00 IST">
          <reporter-output>
          </reporter-output>
        </test-method> <!-- getBooking -->
        <test-method status="PASS" signature="postCondition(org.testng.ITestResult)[pri:0, instance:com.scripts.BookTest@74ad1f1f]" name="postCondition" is-config="true" duration-ms="7" started-at="2020-08-06T11:44:00 IST" finished-at="2020-08-06T11:44:00 IST">
          <params>
            <param index="0">
              <value>
                <![CDATA[[TestResult name=getBooking status=SUCCESS method=BookTest.getBooking()[pri:0, instance:com.scripts.BookTest@74ad1f1f] output={null}]]]>
              </value>
            </param>
          </params>
          <reporter-output>
          </reporter-output>
        </test-method> <!-- postCondition -->
        <test-method status="PASS" signature="cleanApplication()[pri:0, instance:com.scripts.BookTest@74ad1f1f]" name="cleanApplication" is-config="true" duration-ms="1" started-at="2020-08-06T11:44:00 IST" finished-at="2020-08-06T11:44:00 IST">
          <reporter-output>
          </reporter-output>
        </test-method> <!-- cleanApplication -->
        <test-method status="PASS" signature="closeBrowser(java.lang.String)[pri:0, instance:com.scripts.BookTest@74ad1f1f]" name="closeBrowser" is-config="true" duration-ms="2" started-at="2020-08-06T11:44:00 IST" finished-at="2020-08-06T11:44:00 IST">
          <params>
            <param index="0">
              <value>
                <![CDATA[chrome]]>
              </value>
            </param>
          </params>
          <reporter-output>
          </reporter-output>
        </test-method> <!-- closeBrowser -->
        <test-method status="PASS" signature="closeFrameWork()[pri:0, instance:com.scripts.BookTest@74ad1f1f]" name="closeFrameWork" is-config="true" duration-ms="1554" started-at="2020-08-06T11:44:01 IST" finished-at="2020-08-06T11:44:02 IST">
          <reporter-output>
          </reporter-output>
        </test-method> <!-- closeFrameWork -->
      </class> <!-- com.scripts.BookTest -->
    </test> <!-- Test -->
  </suite> <!-- Suite -->
</testng-results>
